grolist/GLM/app/build/intermediates/manifest_merge_blame_file/debug/manifest-merger-blame-debug-report.txt
1<?xml version="1.0" encoding="utf-8"?>
2<manifest xmlns:android="http://schemas.android.com/apk/res/android"
3    package="edu.qc.seclass.glm"
4    android:versionCode="1"
5    android:versionName="1.0" >
6
7    <uses-sdk
8        android:minSdkVersion="21"
8-->src\main\AndroidManifest.xml
9        android:targetSdkVersion="29" />
9-->src\main\AndroidManifest.xml
10
11    <uses-permission android:name="android.permission.INTERNET" />
11-->src\main\AndroidManifest.xml:4:5-67
11-->src\main\AndroidManifest.xml:4:22-64
12    <uses-permission android:name="android.permission.ACCESS_NETWORK_STATE" />
12-->src\main\AndroidManifest.xml:5:5-79
12-->src\main\AndroidManifest.xml:5:22-76
13
14    <application
14-->src\main\AndroidManifest.xml:7:5-37:19
15        android:allowBackup="true"
15-->src\main\AndroidManifest.xml:8:9-35
16        android:appComponentFactory="androidx.core.app.CoreComponentFactory"
16-->[androidx.core:core:1.1.0] AndroidManifest.xml:24:18-86
17        android:debuggable="true"
18        android:icon="@mipmap/ic_launcher"
18-->src\main\AndroidManifest.xml:9:9-43
19        android:label="@string/app_name"
19-->src\main\AndroidManifest.xml:10:9-41
20        android:roundIcon="@mipmap/ic_launcher_round"
20-->src\main\AndroidManifest.xml:11:9-54
21        android:supportsRtl="true"
21-->src\main\AndroidManifest.xml:12:9-35
22        android:testOnly="true"
23        android:theme="@style/AppTheme" >
23-->src\main\AndroidManifest.xml:13:9-40
24        <activity android:name="edu.qc.seclass.glm.SelectTypeForNewItemActivity" />
24-->src\main\AndroidManifest.xml:14:9-75
24-->src\main\AndroidManifest.xml:14:19-63
25        <activity android:name="edu.qc.seclass.glm.CreatingNewItemActivity" />
25-->src\main\AndroidManifest.xml:15:9-61
25-->src\main\AndroidManifest.xml:15:19-58
26        <activity android:name="edu.qc.seclass.glm.SearchToolActivity" />
26-->src\main\AndroidManifest.xml:16:9-56
26-->src\main\AndroidManifest.xml:16:19-53
27        <activity android:name="edu.qc.seclass.glm.QuantityListItemActivity" />
27-->src\main\AndroidManifest.xml:17:9-62
27-->src\main\AndroidManifest.xml:17:19-59
28        <activity android:name="edu.qc.seclass.glm.DeleteListItemActivity" />
28-->src\main\AndroidManifest.xml:18:9-60
28-->src\main\AndroidManifest.xml:18:19-57
29        <activity android:name="edu.qc.seclass.glm.ListItemActivity" />
29-->src\main\AndroidManifest.xml:19:9-54
29-->src\main\AndroidManifest.xml:19:19-51
30        <activity android:name="edu.qc.seclass.glm.DeleteListActivity" />
30-->src\main\AndroidManifest.xml:20:9-56
30-->src\main\AndroidManifest.xml:20:19-53
31        <activity android:name="edu.qc.seclass.glm.CreateNewListActivity" /> <!-- <activity android:name=".ListManagerActivity"></activity> -->
31-->src\main\AndroidManifest.xml:21:9-59
31-->src\main\AndroidManifest.xml:21:19-56
32        <activity
32-->src\main\AndroidManifest.xml:22:9-29:20
33            android:name="edu.qc.seclass.glm.ListManagerActivity"
33-->src\main\AndroidManifest.xml:23:13-48
34            android:label="List Manager"
34-->src\main\AndroidManifest.xml:24:13-41
35            android:parentActivityName="edu.qc.seclass.glm.MainActivity" >
35-->src\main\AndroidManifest.xml:25:13-55
36            <meta-data
36-->src\main\AndroidManifest.xml:26:13-28:67
37                android:name="android.support.PARENT_ACTIVITY"
37-->src\main\AndroidManifest.xml:27:17-63
38                android:value="edu.qc.seclass.glm.MainActivity" />
38-->src\main\AndroidManifest.xml:28:17-64
39        </activity>
40        <activity android:name="edu.qc.seclass.glm.MainActivity" >
40-->src\main\AndroidManifest.xml:30:9-36:20
40-->src\main\AndroidManifest.xml:30:19-47
41            <intent-filter>
41-->src\main\AndroidManifest.xml:31:13-35:29
42                <action android:name="android.intent.action.MAIN" />
42-->src\main\AndroidManifest.xml:32:17-69
42-->src\main\AndroidManifest.xml:32:25-66
43
44                <category android:name="android.intent.category.LAUNCHER" />
44-->src\main\AndroidManifest.xml:34:17-77
44-->src\main\AndroidManifest.xml:34:27-74
45            </intent-filter>
46        </activity>
47    </application>
48
49</manifest>